ERROR - 2025-10-17 20:29:24 --> DEBUG: Citas Controller: procesarPago iniciado - Cita: 3370, Local: 01
ERROR - 2025-10-17 20:29:24 --> DEBUG: Citas Controller: Creando CitaPagoModel
ERROR - 2025-10-17 20:29:24 --> DEBUG: Citas Controller: Llamando procesarPagoCompleto
ERROR - 2025-10-17 20:29:24 --> DEBUG: CitaPagoModel: ===== INICIANDO procesarPagoCompleto con SP v3 =====
ERROR - 2025-10-17 20:29:24 --> DEBUG: CitaPagoModel: Parámetros - Cita: 3370, Local: 01, Tipo: B, FormaPago: EFECTIVO
ERROR - 2025-10-17 20:29:24 --> [Microsoft][ODBC Driver 17 for SQL Server][SQL Server]No se encontró el procedimiento almacenado 'SP_GenerarComprobanteConsultorio_v3'.
CRITICAL - 2025-10-17 20:29:24 --> [Microsoft][ODBC Driver 17 for SQL Server][SQL Server]No se encontró el procedimiento almacenado 'SP_GenerarComprobanteConsultorio_v3'.
in SYSTEMPATH\Database\BaseConnection.php on line 647.
 1 APPPATH\Models\CitaPagoModel.php(66): CodeIgniter\Database\BaseConnection->query('DECLARE @NumFac INT, @NumSer INT, @Total DECIMAL(11,2), @Resultado VARCHAR(500);
                    EXEC SP_GenerarComprobanteConsultorio_v3 
                        @CitaId = ?,
                        @LocalPago = ?,
                        @TipoComprobante = ?,
                        @FormaPago = ?,
                        @Referencia = ?,
                        @NumFac = @NumFac OUTPUT,
                        @NumSer = @NumSer OUTPUT,
                        @Total = @Total OUTPUT,
                        @Resultado = @Resultado OUTPUT;
                    SELECT @NumFac as NumFac, @NumSer as NumSer, @Total as Total, @Resultado as Resultado;', [...])
 2 APPPATH\Models\CitaPagoModel.php(201): App\Models\CitaPagoModel->generarComprobanteDirecto('3370', '01', 'B', 'EFECTIVO', '')
 3 APPPATH\Controllers\Citas.php(378): App\Models\CitaPagoModel->procesarPagoCompleto('3370', '01', 'B', 'EFECTIVO', '')
 4 SYSTEMPATH\CodeIgniter.php(942): App\Controllers\Citas->procesarPago()
 5 SYSTEMPATH\CodeIgniter.php(502): CodeIgniter\CodeIgniter->runController(Object(App\Controllers\Citas))
 6 SYSTEMPATH\CodeIgniter.php(361): CodeIgniter\CodeIgniter->handleRequest(null, Object(Config\Cache), false)
 7 FCPATH\index.php(79): CodeIgniter\CodeIgniter->run()
 8 SYSTEMPATH\Commands\Server\rewrite.php(47): require_once('D:\\WEB\\medinafarma\\public\\index.php')
ERROR - 2025-10-17 20:52:08 --> DEBUG: Citas Controller: procesarPago iniciado - Cita: 3370, Local: 01
ERROR - 2025-10-17 20:52:08 --> DEBUG: Citas Controller: Creando CitaPagoModel
ERROR - 2025-10-17 20:52:08 --> DEBUG: Citas Controller: Llamando procesarPagoCompleto
ERROR - 2025-10-17 20:52:08 --> DEBUG: CitaPagoModel: ===== INICIANDO procesarPagoCompleto con SP v3 =====
ERROR - 2025-10-17 20:52:08 --> DEBUG: CitaPagoModel: Parámetros - Cita: 3370, Local: 01, Tipo: B, FormaPago: EFECTIVO
ERROR - 2025-10-17 20:52:09 --> DEBUG: CitaPagoModel: Resultado SP v3: {"success":true,"numfac":1,"serie":21,"tipo":"B","total":60}
ERROR - 2025-10-17 20:52:59 --> [Microsoft][ODBC Driver 17 for SQL Server][SQL Server]La conversión del tipo de datos varchar en datetime produjo un valor fuera de intervalo.
CRITICAL - 2025-10-17 20:52:59 --> [Microsoft][ODBC Driver 17 for SQL Server][SQL Server]La conversión del tipo de datos varchar en datetime produjo un valor fuera de intervalo.
in SYSTEMPATH\Database\BaseConnection.php on line 647.
 1 SYSTEMPATH\Database\BaseBuilder.php(2308): CodeIgniter\Database\BaseConnection->query('INSERT INTO "BDATOS"."dbo"."CITAS_PAGOS" ("CIT_CODCIT","CTP_MONTO","CTP_FORMA_PAGO","CTP_REFERENCIA","CTP_LOCAL_PAGO","CTP_ESTADO","CTP_FECHA") VALUES (:CIT_CODCIT:, :CTP_MONTO:, :CTP_FORMA_PAGO:, :CTP_REFERENCIA:, :CTP_LOCAL_PAGO:, :CTP_ESTADO:, :CTP_FECHA:)', [...], false)
 2 APPPATH\Models\CitaPagoModel.php(215): CodeIgniter\Database\BaseBuilder->insert([...])
 3 APPPATH\Controllers\Citas.php(335): App\Models\CitaPagoModel->registrarPago([...])
 4 SYSTEMPATH\CodeIgniter.php(942): App\Controllers\Citas->registrarPago()
 5 SYSTEMPATH\CodeIgniter.php(502): CodeIgniter\CodeIgniter->runController(Object(App\Controllers\Citas))
 6 SYSTEMPATH\CodeIgniter.php(361): CodeIgniter\CodeIgniter->handleRequest(null, Object(Config\Cache), false)
 7 FCPATH\index.php(79): CodeIgniter\CodeIgniter->run()
 8 SYSTEMPATH\Commands\Server\rewrite.php(47): require_once('D:\\WEB\\medinafarma\\public\\index.php')
